{"level":"info","message":"Loading Mongoose functionality","timestamp":"2017-12-19T01:36:41.291Z"}
{"level":"info","message":"Starting application","timestamp":"2017-12-19T01:36:43.893Z"}
{"level":"info","message":"HTTP Server listening on port:5000, in development mode","timestamp":"2017-12-19T01:36:43.915Z"}
{"level":"info","message":"Mongoose connected to the database","timestamp":"2017-12-19T01:36:43.974Z"}
{"level":"info","message":"Request from ::1","timestamp":"2017-12-19T01:38:44.430Z"}
{"level":"info","message":"Request from ::1","timestamp":"2017-12-19T01:39:14.665Z"}
{"level":"verbose","message":"Create user","timestamp":"2017-12-19T01:39:14.668Z"}
{"level":"info","message":"Request from ::1","timestamp":"2017-12-19T01:39:24.918Z"}
{"level":"info","message":"Request from ::1","timestamp":"2017-12-19T01:39:25.366Z"}
{"level":"verbose","message":"Get ToDos for a user","timestamp":"2017-12-19T01:39:25.368Z"}
{"level":"info","message":"Request from ::1","timestamp":"2017-12-19T01:41:26.096Z"}
{"level":"verbose","message":"Get ToDos for a user","timestamp":"2017-12-19T01:41:26.098Z"}
{"level":"info","message":"Request from ::1","timestamp":"2017-12-19T01:41:30.174Z"}
{"level":"verbose","message":"Get ToDos for a user","timestamp":"2017-12-19T01:41:30.174Z"}
{"level":"info","message":"Request from ::1","timestamp":"2017-12-19T01:42:13.915Z"}
{"level":"verbose","message":"Get ToDos for a user","timestamp":"2017-12-19T01:42:13.916Z"}
{"level":"info","message":"Request from ::1","timestamp":"2017-12-19T01:43:52.229Z"}
{"level":"verbose","message":"Get ToDos for a user","timestamp":"2017-12-19T01:43:52.236Z"}
{"level":"info","message":"Request from ::1","timestamp":"2017-12-19T01:44:05.876Z"}
{"level":"verbose","message":"Get ToDos for a user","timestamp":"2017-12-19T01:44:05.877Z"}
{"level":"info","message":"Request from ::1","timestamp":"2017-12-19T01:44:08.784Z"}
{"level":"verbose","message":"Get ToDos for a user","timestamp":"2017-12-19T01:44:08.785Z"}
{"level":"info","message":"Request from ::1","timestamp":"2017-12-19T01:45:28.270Z"}
{"level":"info","message":"Request from ::1","timestamp":"2017-12-19T01:45:28.603Z"}
{"level":"verbose","message":"Get ToDos for a user","timestamp":"2017-12-19T01:45:28.604Z"}
{"level":"info","message":"Request from ::1","timestamp":"2017-12-19T01:46:06.287Z"}
{"level":"verbose","message":"Create a ToDo","timestamp":"2017-12-19T01:46:06.288Z"}
{"level":"error","message":"ValidationError: description: Path `description` is required.\n    at MongooseError.ValidationError (C:\\SHRUTI\\UWM\\FALL-2017\\810- Web Development\\Development\\Shruti\\ToDos\\server\\node_modules\\mongoose\\lib\\error\\validation.js:28:11)\n    at model.Document.invalidate (C:\\SHRUTI\\UWM\\FALL-2017\\810- Web Development\\Development\\Shruti\\ToDos\\server\\node_modules\\mongoose\\lib\\document.js:1658:32)\n    at C:\\SHRUTI\\UWM\\FALL-2017\\810- Web Development\\Development\\Shruti\\ToDos\\server\\node_modules\\mongoose\\lib\\document.js:1530:17\n    at validate (C:\\SHRUTI\\UWM\\FALL-2017\\810- Web Development\\Development\\Shruti\\ToDos\\server\\node_modules\\mongoose\\lib\\schematype.js:779:7)\n    at C:\\SHRUTI\\UWM\\FALL-2017\\810- Web Development\\Development\\Shruti\\ToDos\\server\\node_modules\\mongoose\\lib\\schematype.js:824:11\n    at Array.forEach (native)\n    at SchemaString.SchemaType.doValidate (C:\\SHRUTI\\UWM\\FALL-2017\\810- Web Development\\Development\\Shruti\\ToDos\\server\\node_modules\\mongoose\\lib\\schematype.js:784:19)\n    at C:\\SHRUTI\\UWM\\FALL-2017\\810- Web Development\\Development\\Shruti\\ToDos\\server\\node_modules\\mongoose\\lib\\document.js:1528:9\n    at _combinedTickCallback (internal/process/next_tick.js:73:7)\n    at process._tickCallback (internal/process/next_tick.js:104:9)\nFrom previous event:\n    at model.wrappedPointCut [as save] (C:\\SHRUTI\\UWM\\FALL-2017\\810- Web Development\\Development\\Shruti\\ToDos\\server\\node_modules\\mongoose\\lib\\services\\model\\applyHooks.js:131:23)\n    at C:\\SHRUTI\\UWM\\FALL-2017\\810- Web Development\\Development\\Shruti\\ToDos\\server\\app\\controllers\\todos.js:54:14\n    at Layer.handle [as handle_request] (C:\\SHRUTI\\UWM\\FALL-2017\\810- Web Development\\Development\\Shruti\\ToDos\\server\\node_modules\\express\\lib\\router\\layer.js:95:5)\n    at next (C:\\SHRUTI\\UWM\\FALL-2017\\810- Web Development\\Development\\Shruti\\ToDos\\server\\node_modules\\express\\lib\\router\\route.js:137:13)\n    at Route.dispatch (C:\\SHRUTI\\UWM\\FALL-2017\\810- Web Development\\Development\\Shruti\\ToDos\\server\\node_modules\\express\\lib\\router\\route.js:112:3)\n    at Layer.handle [as handle_request] (C:\\SHRUTI\\UWM\\FALL-2017\\810- Web Development\\Development\\Shruti\\ToDos\\server\\node_modules\\express\\lib\\router\\layer.js:95:5)\n    at C:\\SHRUTI\\UWM\\FALL-2017\\810- Web Development\\Development\\Shruti\\ToDos\\server\\node_modules\\express\\lib\\router\\index.js:281:22\n    at Function.process_params (C:\\SHRUTI\\UWM\\FALL-2017\\810- Web Development\\Development\\Shruti\\ToDos\\server\\node_modules\\express\\lib\\router\\index.js:335:12)\n    at next (C:\\SHRUTI\\UWM\\FALL-2017\\810- Web Development\\Development\\Shruti\\ToDos\\server\\node_modules\\express\\lib\\router\\index.js:275:10)\n    at Function.handle (C:\\SHRUTI\\UWM\\FALL-2017\\810- Web Development\\Development\\Shruti\\ToDos\\server\\node_modules\\express\\lib\\router\\index.js:174:3)\n    at router (C:\\SHRUTI\\UWM\\FALL-2017\\810- Web Development\\Development\\Shruti\\ToDos\\server\\node_modules\\express\\lib\\router\\index.js:47:12)\n    at Layer.handle [as handle_request] (C:\\SHRUTI\\UWM\\FALL-2017\\810- Web Development\\Development\\Shruti\\ToDos\\server\\node_modules\\express\\lib\\router\\layer.js:95:5)\n    at trim_prefix (C:\\SHRUTI\\UWM\\FALL-2017\\810- Web Development\\Development\\Shruti\\ToDos\\server\\node_modules\\express\\lib\\router\\index.js:317:13)\n    at C:\\SHRUTI\\UWM\\FALL-2017\\810- Web Development\\Development\\Shruti\\ToDos\\server\\node_modules\\express\\lib\\router\\index.js:284:7\n    at Function.process_params (C:\\SHRUTI\\UWM\\FALL-2017\\810- Web Development\\Development\\Shruti\\ToDos\\server\\node_modules\\express\\lib\\router\\index.js:335:12)\n    at next (C:\\SHRUTI\\UWM\\FALL-2017\\810- Web Development\\Development\\Shruti\\ToDos\\server\\node_modules\\express\\lib\\router\\index.js:275:10)\n    at urlencodedParser (C:\\SHRUTI\\UWM\\FALL-2017\\810- Web Development\\Development\\Shruti\\ToDos\\server\\node_modules\\body-parser\\lib\\types\\urlencoded.js:82:7)\n    at Layer.handle [as handle_request] (C:\\SHRUTI\\UWM\\FALL-2017\\810- Web Development\\Development\\Shruti\\ToDos\\server\\node_modules\\express\\lib\\router\\layer.js:95:5)\n    at trim_prefix (C:\\SHRUTI\\UWM\\FALL-2017\\810- Web Development\\Development\\Shruti\\ToDos\\server\\node_modules\\express\\lib\\router\\index.js:317:13)","timestamp":"2017-12-19T01:46:06.318Z"}
{"level":"info","message":"Request from ::1","timestamp":"2017-12-19T01:46:06.342Z"}
{"level":"verbose","message":"Upload file for todo undefined and 5a245a94ce0d508acc3c1853","timestamp":"2017-12-19T01:46:06.407Z"}
{"level":"error","message":"CastError: Cast to ObjectId failed for value \"undefined\" at path \"_id\" for model \"todos\"\n    at MongooseError.CastError (C:\\SHRUTI\\UWM\\FALL-2017\\810- Web Development\\Development\\Shruti\\ToDos\\server\\node_modules\\mongoose\\lib\\error\\cast.js:27:11)\n    at ObjectId.cast (C:\\SHRUTI\\UWM\\FALL-2017\\810- Web Development\\Development\\Shruti\\ToDos\\server\\node_modules\\mongoose\\lib\\schema\\objectid.js:158:13)\n    at ObjectId.SchemaType._castForQuery (C:\\SHRUTI\\UWM\\FALL-2017\\810- Web Development\\Development\\Shruti\\ToDos\\server\\node_modules\\mongoose\\lib\\schematype.js:1083:15)\n    at ObjectId.castForQuery (C:\\SHRUTI\\UWM\\FALL-2017\\810- Web Development\\Development\\Shruti\\ToDos\\server\\node_modules\\mongoose\\lib\\schema\\objectid.js:198:15)\n    at ObjectId.SchemaType.castForQueryWrapper (C:\\SHRUTI\\UWM\\FALL-2017\\810- Web Development\\Development\\Shruti\\ToDos\\server\\node_modules\\mongoose\\lib\\schematype.js:1040:15)\n    at cast (C:\\SHRUTI\\UWM\\FALL-2017\\810- Web Development\\Development\\Shruti\\ToDos\\server\\node_modules\\mongoose\\lib\\cast.js:269:32)\n    at Query.cast (C:\\SHRUTI\\UWM\\FALL-2017\\810- Web Development\\Development\\Shruti\\ToDos\\server\\node_modules\\mongoose\\lib\\query.js:3252:12)\n    at Query._castConditions (C:\\SHRUTI\\UWM\\FALL-2017\\810- Web Development\\Development\\Shruti\\ToDos\\server\\node_modules\\mongoose\\lib\\query.js:1247:10)\n    at Query._findOne (C:\\SHRUTI\\UWM\\FALL-2017\\810- Web Development\\Development\\Shruti\\ToDos\\server\\node_modules\\mongoose\\lib\\query.js:1454:8)\n    at C:\\SHRUTI\\UWM\\FALL-2017\\810- Web Development\\Development\\Shruti\\ToDos\\server\\node_modules\\kareem\\index.js:250:8\n    at C:\\SHRUTI\\UWM\\FALL-2017\\810- Web Development\\Development\\Shruti\\ToDos\\server\\node_modules\\kareem\\index.js:23:7\n    at _combinedTickCallback (internal/process/next_tick.js:73:7)\n    at process._tickCallback (internal/process/next_tick.js:104:9)","timestamp":"2017-12-19T01:46:06.462Z"}
{"level":"info","message":"Request from ::1","timestamp":"2017-12-19T01:46:11.387Z"}
{"level":"verbose","message":"Get ToDos for a user","timestamp":"2017-12-19T01:46:11.388Z"}
{"level":"info","message":"Request from ::1","timestamp":"2017-12-19T01:48:53.453Z"}
{"level":"verbose","message":"Get ToDos for a user","timestamp":"2017-12-19T01:48:53.455Z"}
{"level":"info","message":"Request from ::1","timestamp":"2017-12-19T01:49:11.419Z"}
{"level":"info","message":"Request from ::1","timestamp":"2017-12-19T01:49:11.675Z"}
{"level":"verbose","message":"Get ToDos for a user","timestamp":"2017-12-19T01:49:11.676Z"}
{"level":"info","message":"Request from ::1","timestamp":"2017-12-19T01:49:40.552Z"}
{"level":"verbose","message":"Get ToDos for a user","timestamp":"2017-12-19T01:49:40.554Z"}
{"level":"info","message":"Request from ::1","timestamp":"2017-12-19T01:49:49.585Z"}
{"level":"verbose","message":"Get ToDos for a user","timestamp":"2017-12-19T01:49:49.586Z"}
{"level":"info","message":"Request from ::1","timestamp":"2017-12-19T01:50:29.581Z"}
{"level":"verbose","message":"Get ToDos for a user","timestamp":"2017-12-19T01:50:29.582Z"}
{"level":"info","message":"Request from ::1","timestamp":"2017-12-19T01:51:15.632Z"}
{"level":"verbose","message":"Get ToDos for a user","timestamp":"2017-12-19T01:51:15.633Z"}
{"level":"info","message":"Request from ::1","timestamp":"2017-12-19T01:51:23.600Z"}
{"level":"verbose","message":"Get ToDos for a user","timestamp":"2017-12-19T01:51:23.602Z"}
{"level":"info","message":"Request from ::1","timestamp":"2017-12-19T01:52:43.538Z"}
{"level":"verbose","message":"Get ToDos for a user","timestamp":"2017-12-19T01:52:43.539Z"}
{"level":"info","message":"Request from ::1","timestamp":"2017-12-19T01:56:39.862Z"}
{"level":"verbose","message":"Get ToDos for a user","timestamp":"2017-12-19T01:56:39.864Z"}
{"level":"info","message":"Request from ::1","timestamp":"2017-12-19T01:57:02.932Z"}
{"level":"verbose","message":"Get ToDos for a user","timestamp":"2017-12-19T01:57:02.932Z"}
{"level":"info","message":"Request from ::1","timestamp":"2017-12-19T01:58:01.618Z"}
{"level":"verbose","message":"Get ToDos for a user","timestamp":"2017-12-19T01:58:01.619Z"}
{"level":"info","message":"Request from ::1","timestamp":"2017-12-19T01:58:45.546Z"}
{"level":"verbose","message":"Get ToDos for a user","timestamp":"2017-12-19T01:58:45.547Z"}
{"level":"info","message":"Request from ::1","timestamp":"2017-12-19T02:00:21.387Z"}
{"level":"verbose","message":"Get ToDos for a user","timestamp":"2017-12-19T02:00:21.388Z"}
{"level":"info","message":"Request from ::1","timestamp":"2017-12-19T02:00:54.032Z"}
{"level":"verbose","message":"Get ToDos for a user","timestamp":"2017-12-19T02:00:54.033Z"}
{"level":"info","message":"Request from ::1","timestamp":"2017-12-19T02:02:20.068Z"}
{"level":"verbose","message":"Get ToDos for a user","timestamp":"2017-12-19T02:02:20.069Z"}
{"level":"info","message":"Request from ::1","timestamp":"2017-12-19T02:03:57.549Z"}
{"level":"verbose","message":"Get ToDos for a user","timestamp":"2017-12-19T02:03:57.550Z"}
{"level":"info","message":"Request from ::1","timestamp":"2017-12-19T02:05:07.573Z"}
{"level":"verbose","message":"Get ToDos for a user","timestamp":"2017-12-19T02:05:07.575Z"}
{"level":"info","message":"Request from ::1","timestamp":"2017-12-19T02:06:01.161Z"}
{"level":"verbose","message":"Get ToDos for a user","timestamp":"2017-12-19T02:06:01.162Z"}
{"level":"info","message":"Request from ::1","timestamp":"2017-12-19T02:07:30.751Z"}
{"level":"verbose","message":"Get ToDos for a user","timestamp":"2017-12-19T02:07:30.752Z"}
{"level":"info","message":"Request from ::1","timestamp":"2017-12-19T02:08:17.983Z"}
{"level":"verbose","message":"Get ToDos for a user","timestamp":"2017-12-19T02:08:17.985Z"}
{"level":"info","message":"Request from ::1","timestamp":"2017-12-19T02:09:26.815Z"}
{"level":"verbose","message":"Get ToDos for a user","timestamp":"2017-12-19T02:09:26.815Z"}
{"level":"info","message":"Request from ::1","timestamp":"2017-12-19T02:10:10.010Z"}
{"level":"verbose","message":"Get ToDos for a user","timestamp":"2017-12-19T02:10:10.011Z"}
{"level":"info","message":"Request from ::1","timestamp":"2017-12-19T02:10:38.252Z"}
{"level":"verbose","message":"Get ToDos for a user","timestamp":"2017-12-19T02:10:38.253Z"}
{"level":"info","message":"Request from ::1","timestamp":"2017-12-19T02:10:55.457Z"}
{"level":"verbose","message":"Get ToDos for a user","timestamp":"2017-12-19T02:10:55.459Z"}
{"level":"info","message":"Request from ::1","timestamp":"2017-12-19T02:11:20.600Z"}
{"level":"verbose","message":"Get ToDos for a user","timestamp":"2017-12-19T02:11:20.601Z"}
{"level":"info","message":"Request from ::1","timestamp":"2017-12-19T02:12:02.765Z"}
{"level":"verbose","message":"Get ToDos for a user","timestamp":"2017-12-19T02:12:02.766Z"}
{"level":"info","message":"Request from ::1","timestamp":"2017-12-19T02:13:26.842Z"}
{"level":"verbose","message":"Get ToDos for a user","timestamp":"2017-12-19T02:13:26.843Z"}
{"level":"info","message":"Request from ::1","timestamp":"2017-12-19T02:14:40.623Z"}
{"level":"verbose","message":"Get ToDos for a user","timestamp":"2017-12-19T02:14:40.624Z"}
{"level":"info","message":"Request from ::1","timestamp":"2017-12-19T02:15:54.664Z"}
{"level":"verbose","message":"Get ToDos for a user","timestamp":"2017-12-19T02:15:54.665Z"}
{"level":"info","message":"Request from ::1","timestamp":"2017-12-19T02:17:36.193Z"}
{"level":"verbose","message":"Get ToDos for a user","timestamp":"2017-12-19T02:17:36.194Z"}
{"level":"info","message":"Request from ::1","timestamp":"2017-12-19T02:17:50.405Z"}
{"level":"info","message":"Request from ::1","timestamp":"2017-12-19T02:17:50.625Z"}
{"level":"verbose","message":"Get ToDos for a user","timestamp":"2017-12-19T02:17:50.626Z"}
{"level":"info","message":"Request from ::1","timestamp":"2017-12-19T02:18:24.048Z"}
{"level":"verbose","message":"Create a ToDo","timestamp":"2017-12-19T02:18:24.049Z"}
{"level":"info","message":"Request from ::1","timestamp":"2017-12-19T02:18:24.124Z"}
{"level":"verbose","message":"Upload file for todo 5a3876f03380c04ec0908903 and 5a245a94ce0d508acc3c1853","timestamp":"2017-12-19T02:18:24.132Z"}
{"level":"info","message":"Request from ::1","timestamp":"2017-12-19T02:18:30.162Z"}
{"level":"verbose","message":"Get ToDos for a user","timestamp":"2017-12-19T02:18:30.163Z"}
{"level":"info","message":"Request from ::1","timestamp":"2017-12-19T02:19:04.781Z"}
{"level":"verbose","message":"Create a ToDo","timestamp":"2017-12-19T02:19:04.783Z"}
{"level":"info","message":"Request from ::1","timestamp":"2017-12-19T02:19:04.814Z"}
{"level":"verbose","message":"Upload file for todo 5a3877183380c04ec0908904 and 5a245a94ce0d508acc3c1853","timestamp":"2017-12-19T02:19:04.852Z"}
{"level":"info","message":"Request from ::1","timestamp":"2017-12-19T02:19:09.739Z"}
{"level":"verbose","message":"Get ToDos for a user","timestamp":"2017-12-19T02:19:09.739Z"}
{"level":"info","message":"Request from ::1","timestamp":"2017-12-19T02:19:16.362Z"}
{"level":"verbose","message":"Update Todo with id ToDoid5a25ded0f317f244081573ff","timestamp":"2017-12-19T02:19:16.363Z"}
{"level":"info","message":"Request from ::1","timestamp":"2017-12-19T02:19:17.360Z"}
{"level":"verbose","message":"Update Todo with id ToDoid5a25e5cc956df065784010e9","timestamp":"2017-12-19T02:19:17.361Z"}
{"level":"info","message":"Request from ::1","timestamp":"2017-12-19T02:19:19.335Z"}
{"level":"verbose","message":"Update Todo with id ToDoid5a2784e6c87f3c4f485fc013","timestamp":"2017-12-19T02:19:19.337Z"}
{"level":"info","message":"Request from ::1","timestamp":"2017-12-19T02:19:20.365Z"}
{"level":"verbose","message":"Update Todo with id ToDoid5a29f817982b9b79b0cce267","timestamp":"2017-12-19T02:19:20.367Z"}
{"level":"info","message":"Request from ::1","timestamp":"2017-12-19T02:19:21.344Z"}
{"level":"verbose","message":"Update Todo with id ToDoid5a3605edf6c90f24d092a752","timestamp":"2017-12-19T02:19:21.347Z"}
{"level":"info","message":"Request from ::1","timestamp":"2017-12-19T02:19:47.656Z"}
{"level":"verbose","message":"Update Todo with id ToDoid5a25ded0f317f244081573ff","timestamp":"2017-12-19T02:19:47.657Z"}
{"level":"info","message":"Request from ::1","timestamp":"2017-12-19T02:21:52.873Z"}
{"level":"verbose","message":"Get ToDos for a user","timestamp":"2017-12-19T02:21:52.874Z"}
{"level":"info","message":"Request from ::1","timestamp":"2017-12-19T02:22:06.312Z"}
{"level":"verbose","message":"Update Todo with id ToDoid5a2784e6c87f3c4f485fc013","timestamp":"2017-12-19T02:22:06.313Z"}
{"level":"info","message":"Request from ::1","timestamp":"2017-12-19T02:22:07.431Z"}
{"level":"verbose","message":"Update Todo with id ToDoid5a29f817982b9b79b0cce267","timestamp":"2017-12-19T02:22:07.432Z"}
{"level":"info","message":"Request from ::1","timestamp":"2017-12-19T02:22:09.294Z"}
{"level":"verbose","message":"Update Todo with id ToDoid5a3605edf6c90f24d092a752","timestamp":"2017-12-19T02:22:09.296Z"}
{"level":"info","message":"Request from ::1","timestamp":"2017-12-19T02:22:10.365Z"}
{"level":"verbose","message":"Update Todo with id ToDoid5a3876f03380c04ec0908903","timestamp":"2017-12-19T02:22:10.366Z"}
{"level":"info","message":"Request from ::1","timestamp":"2017-12-19T02:23:52.531Z"}
{"level":"verbose","message":"Create user","timestamp":"2017-12-19T02:23:52.534Z"}
{"level":"error","message":"ValidationError: password: Path `password` is required., email: Path `email` is required., lastName: Path `lastName` is required., firstName: Path `firstName` is required.\n    at MongooseError.ValidationError (C:\\SHRUTI\\UWM\\FALL-2017\\810- Web Development\\Development\\Shruti\\ToDos\\server\\node_modules\\mongoose\\lib\\error\\validation.js:28:11)\n    at model.Document.invalidate (C:\\SHRUTI\\UWM\\FALL-2017\\810- Web Development\\Development\\Shruti\\ToDos\\server\\node_modules\\mongoose\\lib\\document.js:1658:32)\n    at C:\\SHRUTI\\UWM\\FALL-2017\\810- Web Development\\Development\\Shruti\\ToDos\\server\\node_modules\\mongoose\\lib\\document.js:1530:17\n    at validate (C:\\SHRUTI\\UWM\\FALL-2017\\810- Web Development\\Development\\Shruti\\ToDos\\server\\node_modules\\mongoose\\lib\\schematype.js:779:7)\n    at C:\\SHRUTI\\UWM\\FALL-2017\\810- Web Development\\Development\\Shruti\\ToDos\\server\\node_modules\\mongoose\\lib\\schematype.js:824:11\n    at Array.forEach (native)\n    at SchemaString.SchemaType.doValidate (C:\\SHRUTI\\UWM\\FALL-2017\\810- Web Development\\Development\\Shruti\\ToDos\\server\\node_modules\\mongoose\\lib\\schematype.js:784:19)\n    at C:\\SHRUTI\\UWM\\FALL-2017\\810- Web Development\\Development\\Shruti\\ToDos\\server\\node_modules\\mongoose\\lib\\document.js:1528:9\n    at _combinedTickCallback (internal/process/next_tick.js:73:7)\n    at process._tickCallback (internal/process/next_tick.js:104:9)\nFrom previous event:\n    at model.wrappedPointCut [as save] (C:\\SHRUTI\\UWM\\FALL-2017\\810- Web Development\\Development\\Shruti\\ToDos\\server\\node_modules\\mongoose\\lib\\services\\model\\applyHooks.js:131:23)\n    at C:\\SHRUTI\\UWM\\FALL-2017\\810- Web Development\\Development\\Shruti\\ToDos\\server\\app\\controllers\\users.js:54:10\n    at Layer.handle [as handle_request] (C:\\SHRUTI\\UWM\\FALL-2017\\810- Web Development\\Development\\Shruti\\ToDos\\server\\node_modules\\express\\lib\\router\\layer.js:95:5)\n    at next (C:\\SHRUTI\\UWM\\FALL-2017\\810- Web Development\\Development\\Shruti\\ToDos\\server\\node_modules\\express\\lib\\router\\route.js:137:13)\n    at Route.dispatch (C:\\SHRUTI\\UWM\\FALL-2017\\810- Web Development\\Development\\Shruti\\ToDos\\server\\node_modules\\express\\lib\\router\\route.js:112:3)\n    at Layer.handle [as handle_request] (C:\\SHRUTI\\UWM\\FALL-2017\\810- Web Development\\Development\\Shruti\\ToDos\\server\\node_modules\\express\\lib\\router\\layer.js:95:5)\n    at C:\\SHRUTI\\UWM\\FALL-2017\\810- Web Development\\Development\\Shruti\\ToDos\\server\\node_modules\\express\\lib\\router\\index.js:281:22\n    at Function.process_params (C:\\SHRUTI\\UWM\\FALL-2017\\810- Web Development\\Development\\Shruti\\ToDos\\server\\node_modules\\express\\lib\\router\\index.js:335:12)\n    at next (C:\\SHRUTI\\UWM\\FALL-2017\\810- Web Development\\Development\\Shruti\\ToDos\\server\\node_modules\\express\\lib\\router\\index.js:275:10)\n    at Function.handle (C:\\SHRUTI\\UWM\\FALL-2017\\810- Web Development\\Development\\Shruti\\ToDos\\server\\node_modules\\express\\lib\\router\\index.js:174:3)\n    at router (C:\\SHRUTI\\UWM\\FALL-2017\\810- Web Development\\Development\\Shruti\\ToDos\\server\\node_modules\\express\\lib\\router\\index.js:47:12)\n    at Layer.handle [as handle_request] (C:\\SHRUTI\\UWM\\FALL-2017\\810- Web Development\\Development\\Shruti\\ToDos\\server\\node_modules\\express\\lib\\router\\layer.js:95:5)\n    at trim_prefix (C:\\SHRUTI\\UWM\\FALL-2017\\810- Web Development\\Development\\Shruti\\ToDos\\server\\node_modules\\express\\lib\\router\\index.js:317:13)\n    at C:\\SHRUTI\\UWM\\FALL-2017\\810- Web Development\\Development\\Shruti\\ToDos\\server\\node_modules\\express\\lib\\router\\index.js:284:7\n    at Function.process_params (C:\\SHRUTI\\UWM\\FALL-2017\\810- Web Development\\Development\\Shruti\\ToDos\\server\\node_modules\\express\\lib\\router\\index.js:335:12)\n    at next (C:\\SHRUTI\\UWM\\FALL-2017\\810- Web Development\\Development\\Shruti\\ToDos\\server\\node_modules\\express\\lib\\router\\index.js:275:10)\n    at C:\\SHRUTI\\UWM\\FALL-2017\\810- Web Development\\Development\\Shruti\\ToDos\\server\\node_modules\\express\\lib\\router\\index.js:635:15\n    at next (C:\\SHRUTI\\UWM\\FALL-2017\\810- Web Development\\Development\\Shruti\\ToDos\\server\\node_modules\\express\\lib\\router\\index.js:260:14)\n    at Function.handle (C:\\SHRUTI\\UWM\\FALL-2017\\810- Web Development\\Development\\Shruti\\ToDos\\server\\node_modules\\express\\lib\\router\\index.js:174:3)","timestamp":"2017-12-19T02:23:52.572Z"}
{"level":"info","message":"Request from ::1","timestamp":"2017-12-19T02:23:56.305Z"}
{"level":"info","message":"Request from ::1","timestamp":"2017-12-19T02:23:56.529Z"}
{"level":"verbose","message":"Get ToDos for a user","timestamp":"2017-12-19T02:23:56.530Z"}
{"level":"info","message":"Request from ::1","timestamp":"2017-12-19T02:25:28.869Z"}
{"level":"info","message":"Request from ::1","timestamp":"2017-12-19T02:25:29.093Z"}
{"level":"verbose","message":"Get ToDos for a user","timestamp":"2017-12-19T02:25:29.093Z"}
{"level":"info","message":"Request from ::1","timestamp":"2017-12-19T02:26:05.981Z"}
{"level":"verbose","message":"Get ToDos for a user","timestamp":"2017-12-19T02:26:05.982Z"}
{"level":"info","message":"Request from ::1","timestamp":"2017-12-19T02:26:19.635Z"}
{"level":"verbose","message":"Get ToDos for a user","timestamp":"2017-12-19T02:26:19.636Z"}
{"level":"info","message":"Request from ::1","timestamp":"2017-12-19T02:26:38.688Z"}
{"level":"verbose","message":"Get ToDos for a user","timestamp":"2017-12-19T02:26:38.689Z"}
{"level":"info","message":"Request from ::1","timestamp":"2017-12-19T02:26:53.518Z"}
{"level":"verbose","message":"Get ToDos for a user","timestamp":"2017-12-19T02:26:53.519Z"}
{"level":"info","message":"Request from ::1","timestamp":"2017-12-19T02:27:17.692Z"}
{"level":"verbose","message":"Get ToDos for a user","timestamp":"2017-12-19T02:27:17.692Z"}
{"level":"info","message":"Request from ::1","timestamp":"2017-12-19T02:27:39.995Z"}
{"level":"verbose","message":"Create a ToDo","timestamp":"2017-12-19T02:27:39.997Z"}
{"level":"info","message":"Request from ::1","timestamp":"2017-12-19T02:28:21.476Z"}
{"level":"verbose","message":"Get ToDos for a user","timestamp":"2017-12-19T02:28:21.477Z"}
{"level":"info","message":"Request from ::1","timestamp":"2017-12-19T02:28:51.946Z"}
{"level":"verbose","message":"Get ToDos for a user","timestamp":"2017-12-19T02:28:51.948Z"}
{"level":"info","message":"Request from ::1","timestamp":"2017-12-19T02:29:57.635Z"}
{"level":"verbose","message":"Get ToDos for a user","timestamp":"2017-12-19T02:29:57.635Z"}
{"level":"info","message":"Request from ::1","timestamp":"2017-12-19T02:30:42.085Z"}
{"level":"verbose","message":"Get ToDos for a user","timestamp":"2017-12-19T02:30:42.085Z"}
{"level":"info","message":"Request from ::1","timestamp":"2017-12-19T02:31:26.036Z"}
{"level":"verbose","message":"Get ToDos for a user","timestamp":"2017-12-19T02:31:26.037Z"}
{"level":"info","message":"Request from ::1","timestamp":"2017-12-19T02:32:09.335Z"}
{"level":"verbose","message":"Get ToDos for a user","timestamp":"2017-12-19T02:32:09.336Z"}
{"level":"info","message":"Request from ::1","timestamp":"2017-12-19T02:32:20.071Z"}
{"level":"verbose","message":"Get ToDos for a user","timestamp":"2017-12-19T02:32:20.071Z"}
{"level":"info","message":"Request from ::1","timestamp":"2017-12-19T02:32:33.598Z"}
{"level":"verbose","message":"Get ToDos for a user","timestamp":"2017-12-19T02:32:33.599Z"}
{"level":"info","message":"Request from ::1","timestamp":"2017-12-19T02:39:53.308Z"}
{"level":"info","message":"Request from ::1","timestamp":"2017-12-19T02:40:00.887Z"}
{"level":"info","message":"Request from ::1","timestamp":"2017-12-19T02:40:01.117Z"}
{"level":"verbose","message":"Get ToDos for a user","timestamp":"2017-12-19T02:40:01.118Z"}
{"level":"info","message":"Request from ::1","timestamp":"2017-12-19T02:40:13.925Z"}
{"level":"verbose","message":"Get ToDos for a user","timestamp":"2017-12-19T02:40:13.926Z"}
{"level":"info","message":"Request from ::1","timestamp":"2017-12-19T02:41:26.821Z"}
{"level":"info","message":"Request from ::1","timestamp":"2017-12-19T02:41:27.049Z"}
{"level":"verbose","message":"Get ToDos for a user","timestamp":"2017-12-19T02:41:27.051Z"}
